2023-03-24 16:53:02.021  INFO 8278 --- [http-nio-8080-exec-9] searchengine.services.IndexingService    : All pages, lemmas and indexes are deleted
2023-03-24 16:53:03.576  INFO 8278 --- [DomBulgakova/] searchengine.services.IndexingService    : Site https://dombulgakova.ru is indexed, count of pages - 0
2023-03-24 16:53:03.577  INFO 8278 --- [DomBulgakova/] searchengine.services.IndexingService    : Time Spent - 1.53s
2023-03-24 16:53:05.463  INFO 8278 --- [ForkJoinPool-2-worker-1] s.config.PageLemmaIndexDBSave            : https://nikoartgallery.com/arenda/
2023-03-24 16:53:07.506  INFO 8278 --- [ForkJoinPool-2-worker-1] s.config.PageLemmaIndexDBSave            : https://nikoartgallery.com/en/
2023-03-24 16:53:09.626  INFO 8278 --- [ForkJoinPool-2-worker-1] s.config.PageLemmaIndexDBSave            : https://nikoartgallery.com/en/gallery/
2023-03-24 16:53:11.516  INFO 8278 --- [ForkJoinPool-2-worker-1] s.config.PageLemmaIndexDBSave            : https://nikoartgallery.com/en/gallery/?PAGEN_1=2&SIZEN_1=20
2023-03-24 16:53:13.069  INFO 8278 --- [ForkJoinPool-2-worker-1] s.config.PageLemmaIndexDBSave            : https://nikoartgallery.com/en/afisha/
2023-03-24 16:53:14.810  INFO 8278 --- [ForkJoinPool-2-worker-1] s.config.PageLemmaIndexDBSave            : https://nikoartgallery.com/en/author/
2023-03-24 17:32:28.472  INFO 14051 --- [http-nio-8080-exec-9] searchengine.services.IndexingService    : All pages, lemmas and indexes are deleted
2023-03-24 17:32:29.268  INFO 14051 --- [DomBulgakova/] searchengine.services.IndexingService    : Site https://dombulgakova.ru is indexed, count of pages - 0
2023-03-24 17:32:29.269  INFO 14051 --- [DomBulgakova/] searchengine.services.IndexingService    : Time Spent - 0.772s
2023-03-24 17:32:31.345  INFO 14051 --- [ForkJoinPool-2-worker-1] s.config.PageLemmaIndexDBSave            : https://nikoartgallery.com/arenda/
2023-03-24 17:32:33.285  INFO 14051 --- [ForkJoinPool-2-worker-1] s.config.PageLemmaIndexDBSave            : https://nikoartgallery.com/en/
2023-03-24 17:32:34.587  INFO 14051 --- [ForkJoinPool-2-worker-1] s.config.PageLemmaIndexDBSave            : https://nikoartgallery.com/en/gallery/
2023-03-24 17:32:36.100  INFO 14051 --- [ForkJoinPool-2-worker-1] s.config.PageLemmaIndexDBSave            : https://nikoartgallery.com/en/gallery/?PAGEN_1=2&SIZEN_1=20
2023-03-24 17:32:37.542  INFO 14051 --- [ForkJoinPool-2-worker-1] s.config.PageLemmaIndexDBSave            : https://nikoartgallery.com/en/afisha/
2023-03-24 17:32:38.814  INFO 14051 --- [ForkJoinPool-2-worker-1] s.config.PageLemmaIndexDBSave            : https://nikoartgallery.com/en/author/
2023-03-24 17:32:40.105  INFO 14051 --- [ForkJoinPool-2-worker-1] s.config.PageLemmaIndexDBSave            : https://nikoartgallery.com/en/arenda/
2023-03-24 17:32:42.563  INFO 14051 --- [ForkJoinPool-2-worker-1] s.config.PageLemmaIndexDBSave            : https://nikoartgallery.com/en/news/
2023-03-24 17:32:44.017  INFO 14051 --- [ForkJoinPool-2-worker-1] s.config.PageLemmaIndexDBSave            : https://nikoartgallery.com/en/news/all/
2023-03-24 17:32:45.268  INFO 14051 --- [ForkJoinPool-2-worker-1] s.config.PageLemmaIndexDBSave            : https://nikoartgallery.com/en/news/all/5555/
2023-03-24 17:32:46.753  INFO 14051 --- [ForkJoinPool-2-worker-1] s.config.PageLemmaIndexDBSave            : https://nikoartgallery.com/en/news/all/the-charity-concert/
2023-03-24 17:32:48.060  INFO 14051 --- [ForkJoinPool-2-worker-1] s.config.PageLemmaIndexDBSave            : https://nikoartgallery.com/en/news/all/na-baze-galerei-proydut-praktiku-studenty-vysshey-shkoly-ekonomiki/
2023-03-24 17:32:49.265  INFO 14051 --- [ForkJoinPool-2-worker-1] s.config.PageLemmaIndexDBSave            : https://nikoartgallery.com/en/news/all/dveri-galerei-otkryvayutsya-dlya-posetiteley/
2023-03-24 17:32:50.506  INFO 14051 --- [ForkJoinPool-2-worker-1] s.config.PageLemmaIndexDBSave            : https://nikoartgallery.com/en/news/all/v-berline-otkryvaetsya-vystavka-rabot-n-b-nikogosyana/
2023-03-24 17:32:51.821  INFO 14051 --- [ForkJoinPool-2-worker-1] s.config.PageLemmaIndexDBSave            : https://nikoartgallery.com/en/news/all/otkrylas-vystavka-armyanskikh-khudozhnikov/
2023-03-24 17:32:53.437  INFO 14051 --- [ForkJoinPool-2-worker-1] s.config.PageLemmaIndexDBSave            : https://nikoartgallery.com/en/news/all/gotovitsya-izdanie-knigi-rasskazov-n-b-nikogosyana-/
2023-03-24 17:32:54.800  INFO 14051 --- [ForkJoinPool-2-worker-1] s.config.PageLemmaIndexDBSave            : https://nikoartgallery.com/en/news/vystavki/
2023-03-24 17:32:56.008  INFO 14051 --- [ForkJoinPool-2-worker-1] s.config.PageLemmaIndexDBSave            : https://nikoartgallery.com/en/news/vystavki/v-berline-otkryvaetsya-vystavka-rabot-n-b-nikogosyana/
2023-03-24 17:32:57.152  INFO 14051 --- [ForkJoinPool-2-worker-1] s.config.PageLemmaIndexDBSave            : https://nikoartgallery.com/en/news/vystavki/otkrylas-vystavka-armyanskikh-khudozhnikov/
2023-03-24 17:32:58.612  INFO 14051 --- [ForkJoinPool-2-worker-1] s.config.PageLemmaIndexDBSave            : https://nikoartgallery.com/en/news/kontserty/
2023-03-24 17:33:00.404  INFO 14051 --- [ForkJoinPool-2-worker-1] s.config.PageLemmaIndexDBSave            : https://nikoartgallery.com/en/news/kontserty/the-charity-concert/
2023-03-24 17:33:01.681  INFO 14051 --- [ForkJoinPool-2-worker-1] s.config.PageLemmaIndexDBSave            : https://nikoartgallery.com/en/news/kontserty/dveri-galerei-otkryvayutsya-dlya-posetiteley/
2023-03-24 17:33:03.101  INFO 14051 --- [ForkJoinPool-2-worker-1] s.config.PageLemmaIndexDBSave            : https://nikoartgallery.com/en/news/novosti-galerei/
2023-03-24 17:33:04.247  INFO 14051 --- [ForkJoinPool-2-worker-2] s.config.PageLemmaIndexDBSave            : https://nikoartgallery.com/en/news/novosti-galerei/na-baze-galerei-proydut-praktiku-studenty-vysshey-shkoly-ekonomiki/
